Using pre-set license
Built from '2020.3/staging' branch; Version is '2020.3.32f1 (12f8b0834f07) revision 1243312'; Using compiler version '192528614'; Build Type 'Release'
OS: 'Windows 11  (10.0.22000) 64bit Professional' Language: 'pt' Physical Memory: 8078 MB
BatchMode: 1, IsHumanControllingUs: 0, StartBugReporterOnCrash: 0, Is64bit: 1, IsPro: 0

COMMAND LINE ARGUMENTS:
C:\Program Files\Unity\Hub\Editor\2020.3.32f1\Editor\Unity.exe
-adb2
-batchMode
-noUpm
-name
AssetImportWorker0
-projectPath
C:/Users/User/Documents/Roquelike2D
-logFile
Logs/AssetImportWorker0.log
-srvPort
61966
Successfully changed project path to: C:/Users/User/Documents/Roquelike2D
C:/Users/User/Documents/Roquelike2D
Using Asset Import Pipeline V2.
Refreshing native plugins compatible for Editor in 35.81 ms, found 2 plugins.
Preloading 0 native plugins for Editor in 0.00 ms.
Initialize engine version: 2020.3.32f1 (12f8b0834f07)
[Subsystems] Discovering subsystems at path C:/Program Files/Unity/Hub/Editor/2020.3.32f1/Editor/Data/Resources/UnitySubsystems
[Subsystems] Discovering subsystems at path C:/Users/User/Documents/Roquelike2D/Assets
GfxDevice: creating device client; threaded=0
Direct3D:
    Version:  Direct3D 11.0 [level 11.0]
    Renderer: NVIDIA GeForce 930MX (ID=0x134e)
    Vendor:   
    VRAM:     2010 MB
    Driver:   27.21.14.5167
Initialize mono
Mono path[0] = 'C:/Program Files/Unity/Hub/Editor/2020.3.32f1/Editor/Data/Managed'
Mono path[1] = 'C:/Program Files/Unity/Hub/Editor/2020.3.32f1/Editor/Data/MonoBleedingEdge/lib/mono/unityjit'
Mono config path = 'C:/Program Files/Unity/Hub/Editor/2020.3.32f1/Editor/Data/MonoBleedingEdge/etc'
Using monoOptions --debugger-agent=transport=dt_socket,embedding=1,server=y,suspend=n,address=127.0.0.1:56816
Begin MonoManager ReloadAssembly
Registering precompiled unity dll's ...
Register platform support module: C:/Program Files/Unity/Hub/Editor/2020.3.32f1/Editor/Data/PlaybackEngines/WebGLSupport/UnityEditor.WebGL.Extensions.dll
Register platform support module: C:/Program Files/Unity/Hub/Editor/2020.3.32f1/Editor/Data/PlaybackEngines/WindowsStandaloneSupport/UnityEditor.WindowsStandalone.Extensions.dll
Registered in 0.001680 seconds.
Native extension for WindowsStandalone target not found
Native extension for WebGL target not found
Refreshing native plugins compatible for Editor in 32.85 ms, found 2 plugins.
Preloading 0 native plugins for Editor in 0.00 ms.
Mono: successfully reloaded assembly
- Completed reload, in  0.622 seconds
Domain Reload Profiling:
	ReloadAssembly (623ms)
		BeginReloadAssembly (61ms)
			ExecutionOrderSort (0ms)
			DisableScriptedObjects (0ms)
			BackupInstance (0ms)
			ReleaseScriptingObjects (0ms)
			CreateAndSetChildDomain (1ms)
		EndReloadAssembly (480ms)
			LoadAssemblies (60ms)
			RebuildTransferFunctionScriptingTraits (0ms)
			SetupTypeCache (164ms)
			ReleaseScriptCaches (0ms)
			RebuildScriptCaches (34ms)
			SetupLoadedEditorAssemblies (169ms)
				LogAssemblyErrors (0ms)
				InitializePlatformSupportModulesInManaged (6ms)
				SetLoadedEditorAssemblies (0ms)
				RefreshPlugins (33ms)
				BeforeProcessingInitializeOnLoad (9ms)
				ProcessInitializeOnLoadAttributes (90ms)
				ProcessInitializeOnLoadMethodAttributes (31ms)
				AfterProcessingInitializeOnLoad (0ms)
				EditorAssembliesLoaded (0ms)
			ExecutionOrderSort2 (0ms)
			AwakeInstancesAfterBackupRestoration (0ms)
Platform modules already initialized, skipping
Registering precompiled user dll's ...
Registered in 0.003374 seconds.
Begin MonoManager ReloadAssembly
OnLevelWasLoaded was found on GameManager
This message has been deprecated and will be removed in a later version of Unity.
Add a delegate to SceneManager.sceneLoaded instead to get notifications after scene loading has completed
OnLevelWasLoaded was found on GameManager
This message has been deprecated and will be removed in a later version of Unity.
Add a delegate to SceneManager.sceneLoaded instead to get notifications after scene loading has completed
Native extension for WindowsStandalone target not found
Native extension for WebGL target not found
Refreshing native plugins compatible for Editor in 0.37 ms, found 2 plugins.
Preloading 0 native plugins for Editor in 0.00 ms.
Mono: successfully reloaded assembly
- Completed reload, in  1.035 seconds
Domain Reload Profiling:
	ReloadAssembly (1036ms)
		BeginReloadAssembly (166ms)
			ExecutionOrderSort (0ms)
			DisableScriptedObjects (5ms)
			BackupInstance (0ms)
			ReleaseScriptingObjects (0ms)
			CreateAndSetChildDomain (21ms)
		EndReloadAssembly (808ms)
			LoadAssemblies (97ms)
			RebuildTransferFunctionScriptingTraits (0ms)
			SetupTypeCache (284ms)
			ReleaseScriptCaches (0ms)
			RebuildScriptCaches (47ms)
			SetupLoadedEditorAssemblies (294ms)
				LogAssemblyErrors (0ms)
				InitializePlatformSupportModulesInManaged (6ms)
				SetLoadedEditorAssemblies (1ms)
				RefreshPlugins (0ms)
				BeforeProcessingInitializeOnLoad (56ms)
				ProcessInitializeOnLoadAttributes (217ms)
				ProcessInitializeOnLoadMethodAttributes (9ms)
				AfterProcessingInitializeOnLoad (5ms)
				EditorAssembliesLoaded (0ms)
			ExecutionOrderSort2 (0ms)
			AwakeInstancesAfterBackupRestoration (7ms)
Platform modules already initialized, skipping
========================================================================
Worker process is ready to serve import requests
Launched and connected shader compiler UnityShaderCompiler.exe after 0.04 seconds
Refreshing native plugins compatible for Editor in 0.34 ms, found 2 plugins.
Preloading 0 native plugins for Editor in 0.00 ms.
Unloading 1522 Unused Serialized files (Serialized files now loaded: 0)
System memory in use before: 70.3 MB.
System memory in use after: 70.4 MB.

Unloading 16 unused Assets to reduce memory usage. Loaded Objects now: 1958.
Total: 2.926200 ms (FindLiveObjects: 0.132800 ms CreateObjectMapping: 0.048800 ms MarkObjects: 2.678200 ms  DeleteObjects: 0.065600 ms)

AssetImportParameters requested are different than current active one (requested -> active):
  custom:framework-win-MediaFoundation: 216162199b28c13a410421893ffa2e32 -> 
  custom:video-decoder-ogg-theora: a1e56fd34408186e4bbccfd4996cb3dc -> 
  custom:container-muxer-webm: aa71ff27fc2769a1b78a27578f13a17b -> 
  custom:container-demuxer-webm: 4f35f7cbe854078d1ac9338744f61a02 -> 
  custom:container-demuxer-ogg: 62fdf1f143b41e24485cea50d1cbac27 -> 
  custom:video-encoder-webm-vp8: eb34c28f22e8b96e1ab97ce403110664 -> 
  custom:video-decoder-webm-vp8: 9c59270c3fd7afecdb556c50c9e8de78 -> 
  custom:audio-decoder-ogg-vorbis: bf7c407c2cedff20999df2af8eb42d56 -> 
  custom:audio-encoder-webm-vorbis: bf7c407c2cedff20999df2af8eb42d56 -> 
========================================================================
Received Import Request.
  path: Assets/Completed/Prefabs/GameManager.prefab
  artifactKey: Guid(1ca8c6e960c494bbd937610290f80d1b) Importer(815301076,1909f56bfc062723c751e8b465ee728b)
Start importing Assets/Completed/Prefabs/GameManager.prefab using Guid(1ca8c6e960c494bbd937610290f80d1b) Importer(815301076,1909f56bfc062723c751e8b465ee728b)  -> (artifact id: '15e0b2d921cf2f068fb49fa543bde1d5') in 0.049378 seconds 
========================================================================
Received Import Request.
  Time since last request: 0.000329 seconds.
  path: Assets/Completed/Prefabs/Player.prefab
  artifactKey: Guid(28b53fc28d3a140c392f0e2d919f9de1) Importer(815301076,1909f56bfc062723c751e8b465ee728b)
Start importing Assets/Completed/Prefabs/Player.prefab using Guid(28b53fc28d3a140c392f0e2d919f9de1) Importer(815301076,1909f56bfc062723c751e8b465ee728b)  -> (artifact id: 'b0e18d3b162861c0d3b80078961a79fe') in 0.006471 seconds 
========================================================================
Received Import Request.
  Time since last request: 0.000358 seconds.
  path: Assets/Completed/Prefabs/Wall8.prefab
  artifactKey: Guid(741804431f4d341cdae1f15b3896aeff) Importer(815301076,1909f56bfc062723c751e8b465ee728b)
Start importing Assets/Completed/Prefabs/Wall8.prefab using Guid(741804431f4d341cdae1f15b3896aeff) Importer(815301076,1909f56bfc062723c751e8b465ee728b)  -> (artifact id: '9de243699656aba40fb9e4725631abc3') in 0.061919 seconds 
========================================================================
Received Import Request.
  Time since last request: 0.000187 seconds.
  path: Assets/Completed/Prefabs/SoundManager.prefab
  artifactKey: Guid(76cd81135280f4ad6a4fa80f6422aea2) Importer(815301076,1909f56bfc062723c751e8b465ee728b)
Start importing Assets/Completed/Prefabs/SoundManager.prefab using Guid(76cd81135280f4ad6a4fa80f6422aea2) Importer(815301076,1909f56bfc062723c751e8b465ee728b)  -> (artifact id: 'b04c8ae9a65d4d82fd3c59bcb63f6123') in 0.004360 seconds 
========================================================================
Received Import Request.
  Time since last request: 0.000241 seconds.
  path: Assets/Completed/Prefabs/Wall6.prefab
  artifactKey: Guid(5ddc2d7828b2d462286f09274199ad9a) Importer(815301076,1909f56bfc062723c751e8b465ee728b)
Start importing Assets/Completed/Prefabs/Wall6.prefab using Guid(5ddc2d7828b2d462286f09274199ad9a) Importer(815301076,1909f56bfc062723c751e8b465ee728b)  -> (artifact id: 'bdb3a409bdade6bca3badb86cf134415') in 0.008906 seconds 
========================================================================
Received Import Request.
  Time since last request: 0.000218 seconds.
  path: Assets/Completed/Prefabs/Soda.prefab
  artifactKey: Guid(46e8bf4bf645a47e3ae1b60c7e18418c) Importer(815301076,1909f56bfc062723c751e8b465ee728b)
Start importing Assets/Completed/Prefabs/Soda.prefab using Guid(46e8bf4bf645a47e3ae1b60c7e18418c) Importer(815301076,1909f56bfc062723c751e8b465ee728b)  -> (artifact id: '629d3c79b45c1164b9c6289d2825e332') in 0.008763 seconds 
========================================================================
Received Import Request.
  Time since last request: 0.000231 seconds.
  path: Assets/Completed/Prefabs/Floor2.prefab
  artifactKey: Guid(41775b29042354678bcd58bb1a75871e) Importer(815301076,1909f56bfc062723c751e8b465ee728b)
Start importing Assets/Completed/Prefabs/Floor2.prefab using Guid(41775b29042354678bcd58bb1a75871e) Importer(815301076,1909f56bfc062723c751e8b465ee728b)  -> (artifact id: '841471ff1b69a16a482ebecac82d95ac') in 0.007792 seconds 
========================================================================
Received Import Request.
  Time since last request: 0.000194 seconds.
  path: Assets/Completed/Prefabs/Food.prefab
  artifactKey: Guid(ad25a4e752915438e9f55a35bedacf1f) Importer(815301076,1909f56bfc062723c751e8b465ee728b)
Start importing Assets/Completed/Prefabs/Food.prefab using Guid(ad25a4e752915438e9f55a35bedacf1f) Importer(815301076,1909f56bfc062723c751e8b465ee728b)  -> (artifact id: '77143b0f8ba650f954441a5280f2fee8') in 0.009056 seconds 
========================================================================
Received Import Request.
  Time since last request: 0.000192 seconds.
  path: Assets/Completed/Prefabs/OuterWall3.prefab
  artifactKey: Guid(e85c94355cc4641da919bd5d0ac956d4) Importer(815301076,1909f56bfc062723c751e8b465ee728b)
Start importing Assets/Completed/Prefabs/OuterWall3.prefab using Guid(e85c94355cc4641da919bd5d0ac956d4) Importer(815301076,1909f56bfc062723c751e8b465ee728b)  -> (artifact id: 'c4ae7864e1184da905eb902cb176c1c6') in 0.008845 seconds 
========================================================================
Received Import Request.
  Time since last request: 0.000293 seconds.
  path: Assets/Completed/Prefabs/Wall4.prefab
  artifactKey: Guid(022eda2f1f0cb45e28ff6840b68928bc) Importer(815301076,1909f56bfc062723c751e8b465ee728b)
Start importing Assets/Completed/Prefabs/Wall4.prefab using Guid(022eda2f1f0cb45e28ff6840b68928bc) Importer(815301076,1909f56bfc062723c751e8b465ee728b)  -> (artifact id: 'a7785a6611dc94a44c8d5f5cffc2522c') in 0.008853 seconds 
========================================================================
Received Import Request.
  Time since last request: 0.000265 seconds.
  path: Assets/Completed/Prefabs/OuterWall1.prefab
  artifactKey: Guid(7094f72151ec74f569c4e03f1ec0f8e7) Importer(815301076,1909f56bfc062723c751e8b465ee728b)
Start importing Assets/Completed/Prefabs/OuterWall1.prefab using Guid(7094f72151ec74f569c4e03f1ec0f8e7) Importer(815301076,1909f56bfc062723c751e8b465ee728b)  -> (artifact id: 'e3e55bed8ba0f6c94960134c11083a47') in 0.009750 seconds 
========================================================================
Received Import Request.
  Time since last request: 0.000226 seconds.
  path: Assets/Completed/Prefabs/Exit.prefab
  artifactKey: Guid(cb0f3020bafec423aa31d0e491c4b811) Importer(815301076,1909f56bfc062723c751e8b465ee728b)
Start importing Assets/Completed/Prefabs/Exit.prefab using Guid(cb0f3020bafec423aa31d0e491c4b811) Importer(815301076,1909f56bfc062723c751e8b465ee728b)  -> (artifact id: 'e8006f890507fce37b237e193981c9a5') in 0.008850 seconds 
========================================================================
Received Import Request.
  Time since last request: 0.000312 seconds.
  path: Assets/Completed/Prefabs/Floor5.prefab
  artifactKey: Guid(04993e7a7b0514f0c8857ff106529ce1) Importer(815301076,1909f56bfc062723c751e8b465ee728b)
Start importing Assets/Completed/Prefabs/Floor5.prefab using Guid(04993e7a7b0514f0c8857ff106529ce1) Importer(815301076,1909f56bfc062723c751e8b465ee728b)  -> (artifact id: 'cc0e787d8a97550ad76f1e49dd03a7a4') in 0.009020 seconds 
========================================================================
Received Import Request.
  Time since last request: 0.000357 seconds.
  path: Assets/Completed/Prefabs/Wall7.prefab
  artifactKey: Guid(64139c47b57e34c5fa97fd79f8d25244) Importer(815301076,1909f56bfc062723c751e8b465ee728b)
Start importing Assets/Completed/Prefabs/Wall7.prefab using Guid(64139c47b57e34c5fa97fd79f8d25244) Importer(815301076,1909f56bfc062723c751e8b465ee728b)  -> (artifact id: 'ceeadbd898180d1f3f8ea318825213b1') in 0.008416 seconds 
========================================================================
Received Import Request.
  Time since last request: 0.000282 seconds.
  path: Assets/Completed/Prefabs/Floor4.prefab
  artifactKey: Guid(ed4c829589732490894350b134530050) Importer(815301076,1909f56bfc062723c751e8b465ee728b)
Start importing Assets/Completed/Prefabs/Floor4.prefab using Guid(ed4c829589732490894350b134530050) Importer(815301076,1909f56bfc062723c751e8b465ee728b)  -> (artifact id: '197e6ff3842638b2b0f8ba4195c6f374') in 0.009199 seconds 
========================================================================
Received Import Request.
  Time since last request: 0.000285 seconds.
  path: Assets/Completed/Prefabs/Enemy1.prefab
  artifactKey: Guid(ebfba08a213d34c46ba2b1947aeaea83) Importer(815301076,1909f56bfc062723c751e8b465ee728b)
Start importing Assets/Completed/Prefabs/Enemy1.prefab using Guid(ebfba08a213d34c46ba2b1947aeaea83) Importer(815301076,1909f56bfc062723c751e8b465ee728b)  -> (artifact id: 'f8cab8c2d66ffd73a04280f5580d6fcd') in 0.003940 seconds 
========================================================================
Received Import Request.
  Time since last request: 0.000327 seconds.
  path: Assets/Completed/Prefabs/Wall3.prefab
  artifactKey: Guid(01ca47a83ebe24ca5a2f6b1d6dcd7481) Importer(815301076,1909f56bfc062723c751e8b465ee728b)
Start importing Assets/Completed/Prefabs/Wall3.prefab using Guid(01ca47a83ebe24ca5a2f6b1d6dcd7481) Importer(815301076,1909f56bfc062723c751e8b465ee728b)  -> (artifact id: 'e7fb50240be1b1a63ec60fa2fae88d49') in 0.008973 seconds 
========================================================================
Received Import Request.
  Time since last request: 0.000240 seconds.
  path: Assets/Completed/Prefabs/Wall5.prefab
  artifactKey: Guid(e1816487b15cd4c5fbd9587521e068ca) Importer(815301076,1909f56bfc062723c751e8b465ee728b)
Start importing Assets/Completed/Prefabs/Wall5.prefab using Guid(e1816487b15cd4c5fbd9587521e068ca) Importer(815301076,1909f56bfc062723c751e8b465ee728b)  -> (artifact id: '16820787ab60c7fba54aa919aec9028a') in 0.009816 seconds 
========================================================================
Received Import Request.
  Time since last request: 0.000269 seconds.
  path: Assets/Completed/Prefabs/Enemy2.prefab
  artifactKey: Guid(089a2f2c322ea40f9afdfaba0550c6d3) Importer(815301076,1909f56bfc062723c751e8b465ee728b)
Start importing Assets/Completed/Prefabs/Enemy2.prefab using Guid(089a2f2c322ea40f9afdfaba0550c6d3) Importer(815301076,1909f56bfc062723c751e8b465ee728b)  -> (artifact id: '8b6bae84f75318ff69b3f8d774cc6897') in 0.004253 seconds 
========================================================================
Received Import Request.
  Time since last request: 0.000356 seconds.
  path: Assets/Completed/Prefabs/Floor1.prefab
  artifactKey: Guid(038998774947c4a8fa170d5b4492a7dd) Importer(815301076,1909f56bfc062723c751e8b465ee728b)
Start importing Assets/Completed/Prefabs/Floor1.prefab using Guid(038998774947c4a8fa170d5b4492a7dd) Importer(815301076,1909f56bfc062723c751e8b465ee728b)  -> (artifact id: 'cc5860244e7324215001548e616287a8') in 0.009191 seconds 
========================================================================
Received Import Request.
  Time since last request: 0.000258 seconds.
  path: Assets/Completed/Prefabs/Floor3.prefab
  artifactKey: Guid(74398dca0c1f64f34aab8ba7bdb6c527) Importer(815301076,1909f56bfc062723c751e8b465ee728b)
Start importing Assets/Completed/Prefabs/Floor3.prefab using Guid(74398dca0c1f64f34aab8ba7bdb6c527) Importer(815301076,1909f56bfc062723c751e8b465ee728b)  -> (artifact id: '98943d82f4a676cc833ca8889b2d28c2') in 0.010805 seconds 
========================================================================
Received Import Request.
  Time since last request: 0.000243 seconds.
  path: Assets/Completed/Prefabs/OuterWall2.prefab
  artifactKey: Guid(b0ace21a29149403094422fb3bd96aa9) Importer(815301076,1909f56bfc062723c751e8b465ee728b)
Start importing Assets/Completed/Prefabs/OuterWall2.prefab using Guid(b0ace21a29149403094422fb3bd96aa9) Importer(815301076,1909f56bfc062723c751e8b465ee728b)  -> (artifact id: 'a7a76a1a9bfc2b2ed221db2fba6933b9') in 0.010912 seconds 
========================================================================
Received Import Request.
  Time since last request: 0.000260 seconds.
  path: Assets/Completed/Prefabs/Wall1.prefab
  artifactKey: Guid(2570048905bd94d6f8a99d13b80daf90) Importer(815301076,1909f56bfc062723c751e8b465ee728b)
Start importing Assets/Completed/Prefabs/Wall1.prefab using Guid(2570048905bd94d6f8a99d13b80daf90) Importer(815301076,1909f56bfc062723c751e8b465ee728b)  -> (artifact id: 'b817583f1e11049f36a351ec97039a4a') in 0.010182 seconds 
========================================================================
Received Import Request.
  Time since last request: 0.000266 seconds.
  path: Assets/Completed/Prefabs/Floor6.prefab
  artifactKey: Guid(4cdf8ac85eff446d0a8fefbdc8c6569f) Importer(815301076,1909f56bfc062723c751e8b465ee728b)
Start importing Assets/Completed/Prefabs/Floor6.prefab using Guid(4cdf8ac85eff446d0a8fefbdc8c6569f) Importer(815301076,1909f56bfc062723c751e8b465ee728b)  -> (artifact id: '3f43f8929644e39b834f468f68b5e2b3') in 0.011567 seconds 
========================================================================
Received Import Request.
  Time since last request: 0.000249 seconds.
  path: Assets/Completed/Prefabs/Floor8.prefab
  artifactKey: Guid(c18e9692903814865aa9a855aaa66df5) Importer(815301076,1909f56bfc062723c751e8b465ee728b)
Start importing Assets/Completed/Prefabs/Floor8.prefab using Guid(c18e9692903814865aa9a855aaa66df5) Importer(815301076,1909f56bfc062723c751e8b465ee728b)  -> (artifact id: '945f142e508c09c80aa0f0d623b05d18') in 0.010359 seconds 
========================================================================
Received Import Request.
  Time since last request: 0.000306 seconds.
  path: Assets/Completed/Prefabs/Floor7.prefab
  artifactKey: Guid(5535fd6cd705e4a79a1d5a4f114de5dc) Importer(815301076,1909f56bfc062723c751e8b465ee728b)
Start importing Assets/Completed/Prefabs/Floor7.prefab using Guid(5535fd6cd705e4a79a1d5a4f114de5dc) Importer(815301076,1909f56bfc062723c751e8b465ee728b)  -> (artifact id: '4827d9afff98a26a6568c8d0a6c3049f') in 0.009262 seconds 
========================================================================
Received Import Request.
  Time since last request: 0.000325 seconds.
  path: Assets/Completed/Prefabs/Wall2.prefab
  artifactKey: Guid(b86334000bc0f47ba8dd33ea88cfcdb1) Importer(815301076,1909f56bfc062723c751e8b465ee728b)
Start importing Assets/Completed/Prefabs/Wall2.prefab using Guid(b86334000bc0f47ba8dd33ea88cfcdb1) Importer(815301076,1909f56bfc062723c751e8b465ee728b)  -> (artifact id: 'fb83e84e3812ac8a7822266491ca07c9') in 0.012064 seconds 
========================================================================
Received Import Request.
  Time since last request: 30.673003 seconds.
  path: Assets/Sprites/Scavengers_SpriteSheet.png
  artifactKey: Guid(fbe1e7b94bb1a4a099d5bcb15a00141c) Importer(815301076,1909f56bfc062723c751e8b465ee728b)
Start importing Assets/Sprites/Scavengers_SpriteSheet.png using Guid(fbe1e7b94bb1a4a099d5bcb15a00141c) Importer(815301076,1909f56bfc062723c751e8b465ee728b)  -> (artifact id: 'c1fc82b54cd1e35f35508f17aaee9ac0') in 0.184743 seconds 
========================================================================
Received Prepare
Registering precompiled user dll's ...
Registered in 0.002742 seconds.
OnLevelWasLoaded was found on GameManager
This message has been deprecated and will be removed in a later version of Unity.
Add a delegate to SceneManager.sceneLoaded instead to get notifications after scene loading has completed
OnLevelWasLoaded was found on GameManager
This message has been deprecated and will be removed in a later version of Unity.
Add a delegate to SceneManager.sceneLoaded instead to get notifications after scene loading has completed
Begin MonoManager ReloadAssembly
OnLevelWasLoaded was found on GameManager
This message has been deprecated and will be removed in a later version of Unity.
Add a delegate to SceneManager.sceneLoaded instead to get notifications after scene loading has completed
OnLevelWasLoaded was found on GameManager
This message has been deprecated and will be removed in a later version of Unity.
Add a delegate to SceneManager.sceneLoaded instead to get notifications after scene loading has completed
Native extension for WindowsStandalone target not found
Native extension for WebGL target not found
Refreshing native plugins compatible for Editor in 0.36 ms, found 2 plugins.
Preloading 0 native plugins for Editor in 0.00 ms.
Mono: successfully reloaded assembly
- Completed reload, in  0.955 seconds
Domain Reload Profiling:
	ReloadAssembly (955ms)
		BeginReloadAssembly (111ms)
			ExecutionOrderSort (0ms)
			DisableScriptedObjects (4ms)
			BackupInstance (0ms)
			ReleaseScriptingObjects (0ms)
			CreateAndSetChildDomain (33ms)
		EndReloadAssembly (784ms)
			LoadAssemblies (89ms)
			RebuildTransferFunctionScriptingTraits (0ms)
			SetupTypeCache (284ms)
			ReleaseScriptCaches (1ms)
			RebuildScriptCaches (47ms)
			SetupLoadedEditorAssemblies (270ms)
				LogAssemblyErrors (0ms)
				InitializePlatformSupportModulesInManaged (6ms)
				SetLoadedEditorAssemblies (1ms)
				RefreshPlugins (0ms)
				BeforeProcessingInitializeOnLoad (54ms)
				ProcessInitializeOnLoadAttributes (196ms)
				ProcessInitializeOnLoadMethodAttributes (8ms)
				AfterProcessingInitializeOnLoad (5ms)
				EditorAssembliesLoaded (0ms)
			ExecutionOrderSort2 (0ms)
			AwakeInstancesAfterBackupRestoration (7ms)
Platform modules already initialized, skipping
Refreshing native plugins compatible for Editor in 0.36 ms, found 2 plugins.
Preloading 0 native plugins for Editor in 0.00 ms.
Unloading 1516 Unused Serialized files (Serialized files now loaded: 0)
System memory in use before: 73.2 MB.
System memory in use after: 73.3 MB.

Unloading 11 unused Assets to reduce memory usage. Loaded Objects now: 1972.
Total: 2.786800 ms (FindLiveObjects: 0.131000 ms CreateObjectMapping: 0.049000 ms MarkObjects: 2.585000 ms  DeleteObjects: 0.021100 ms)

AssetImportParameters requested are different than current active one (requested -> active):
  custom:framework-win-MediaFoundation: 216162199b28c13a410421893ffa2e32 -> 
  custom:video-decoder-ogg-theora: a1e56fd34408186e4bbccfd4996cb3dc -> 
  custom:container-muxer-webm: aa71ff27fc2769a1b78a27578f13a17b -> 
  custom:container-demuxer-webm: 4f35f7cbe854078d1ac9338744f61a02 -> 
  custom:container-demuxer-ogg: 62fdf1f143b41e24485cea50d1cbac27 -> 
  custom:video-encoder-webm-vp8: eb34c28f22e8b96e1ab97ce403110664 -> 
  custom:video-decoder-webm-vp8: 9c59270c3fd7afecdb556c50c9e8de78 -> 
  custom:audio-decoder-ogg-vorbis: bf7c407c2cedff20999df2af8eb42d56 -> 
  custom:audio-encoder-webm-vorbis: bf7c407c2cedff20999df2af8eb42d56 -> 
AssetImportWorkerClient::OnTransportError - code=2 error=End of file
